<?xml version="1.0" encoding="UTF-8"?>
<testng-results ignored="0" total="4" passed="4" failed="0" skipped="0">
  <reporter-output>
  </reporter-output>
  <suite started-at="2024-05-07T14:45:34 IST" name="Suite" finished-at="2024-05-07T14:45:42 IST" duration-ms="8568">
    <groups>
    </groups>
    <test started-at="2024-05-07T14:45:34 IST" name="Test" finished-at="2024-05-07T14:45:42 IST" duration-ms="8568">
      <class name="api.tests.UserTests">
        <test-method is-config="true" signature="setupData()[pri:0, instance:api.tests.UserTests@544fa968]" started-at="2024-05-07T14:45:34 IST" name="setupData" finished-at="2024-05-07T14:45:34 IST" duration-ms="191" status="PASS">
          <reporter-output>
          </reporter-output>
        </test-method> <!-- setupData -->
        <test-method signature="testPostUser()[pri:1, instance:api.tests.UserTests@544fa968]" started-at="2024-05-07T14:45:34 IST" name="testPostUser" finished-at="2024-05-07T14:45:37 IST" duration-ms="3574" status="PASS">
          <reporter-output>
          </reporter-output>
        </test-method> <!-- testPostUser -->
        <test-method signature="testGetUserByName()[pri:2, instance:api.tests.UserTests@544fa968]" started-at="2024-05-07T14:45:37 IST" name="testGetUserByName" finished-at="2024-05-07T14:45:39 IST" duration-ms="1183" status="PASS">
          <reporter-output>
          </reporter-output>
        </test-method> <!-- testGetUserByName -->
        <test-method signature="testUpdateUserByName()[pri:3, instance:api.tests.UserTests@544fa968]" started-at="2024-05-07T14:45:39 IST" name="testUpdateUserByName" finished-at="2024-05-07T14:45:41 IST" duration-ms="2380" status="PASS">
          <reporter-output>
          </reporter-output>
        </test-method> <!-- testUpdateUserByName -->
        <test-method signature="testDeleteUserByName()[pri:4, instance:api.tests.UserTests@544fa968]" started-at="2024-05-07T14:45:41 IST" name="testDeleteUserByName" finished-at="2024-05-07T14:45:42 IST" duration-ms="1188" status="PASS">
          <reporter-output>
          </reporter-output>
        </test-method> <!-- testDeleteUserByName -->
      </class> <!-- api.tests.UserTests -->
    </test> <!-- Test -->
  </suite> <!-- Suite -->
</testng-results>
