<?xml version="1.0" encoding="UTF-8"?>
<testng-results ignored="0" total="4" passed="4" failed="0" skipped="0">
  <reporter-output>
  </reporter-output>
  <suite started-at="2024-04-08T12:06:54 IST" name="Suite" finished-at="2024-04-08T12:07:06 IST" duration-ms="11610">
    <groups>
    </groups>
    <test started-at="2024-04-08T12:06:54 IST" name="Test" finished-at="2024-04-08T12:07:06 IST" duration-ms="11610">
      <class name="apchaining.UpdateUser">
        <test-method signature="test_updateUser(org.testng.ITestContext)[pri:0, instance:apchaining.UpdateUser@9597028]" started-at="2024-04-08T12:07:04 IST" name="test_updateUser" finished-at="2024-04-08T12:07:05 IST" duration-ms="1167" status="PASS">
          <params>
            <param index="0">
              <value>
                <![CDATA[org.testng.TestRunner@21b2e768]]>
              </value>
            </param>
          </params>
          <reporter-output>
          </reporter-output>
        </test-method> <!-- test_updateUser -->
      </class> <!-- apchaining.UpdateUser -->
      <class name="apchaining.GetUser">
        <test-method signature="test_GetUser(org.testng.ITestContext)[pri:0, instance:apchaining.GetUser@49139829]" started-at="2024-04-08T12:07:02 IST" name="test_GetUser" finished-at="2024-04-08T12:07:04 IST" duration-ms="1227" status="PASS">
          <params>
            <param index="0">
              <value>
                <![CDATA[org.testng.TestRunner@21b2e768]]>
              </value>
            </param>
          </params>
          <reporter-output>
          </reporter-output>
        </test-method> <!-- test_GetUser -->
      </class> <!-- apchaining.GetUser -->
      <class name="apchaining.DeleteUser">
        <test-method signature="test_deleteUser(org.testng.ITestContext)[pri:0, instance:apchaining.DeleteUser@6069db50]" started-at="2024-04-08T12:07:05 IST" name="test_deleteUser" finished-at="2024-04-08T12:07:06 IST" duration-ms="989" status="PASS">
          <params>
            <param index="0">
              <value>
                <![CDATA[org.testng.TestRunner@21b2e768]]>
              </value>
            </param>
          </params>
          <reporter-output>
          </reporter-output>
        </test-method> <!-- test_deleteUser -->
      </class> <!-- apchaining.DeleteUser -->
      <class name="apchaining.CreateUser">
        <test-method signature="test_CreateUser(org.testng.ITestContext)[pri:0, instance:apchaining.CreateUser@7f3b84b8]" started-at="2024-04-08T12:06:54 IST" name="test_CreateUser" finished-at="2024-04-08T12:07:02 IST" duration-ms="8077" status="PASS">
          <params>
            <param index="0">
              <value>
                <![CDATA[org.testng.TestRunner@21b2e768]]>
              </value>
            </param>
          </params>
          <reporter-output>
          </reporter-output>
        </test-method> <!-- test_CreateUser -->
      </class> <!-- apchaining.CreateUser -->
    </test> <!-- Test -->
  </suite> <!-- Suite -->
</testng-results>
