<?xml version="1.0" encoding="UTF-8"?>
<!-- Generated by org.testng.reporters.JUnitXMLReporter -->
<testsuite ignored="0" hostname="ITT-PRATIK-B" failures="0" tests="4" name="Test" time="11.61" errors="0" timestamp="2024-04-08T12:07:06 IST">
  <testcase classname="apchaining.CreateUser" name="test_CreateUser" time="8.077"/>
  <testcase classname="apchaining.GetUser" name="test_GetUser" time="1.227"/>
  <testcase classname="apchaining.UpdateUser" name="test_updateUser" time="1.167"/>
  <testcase classname="apchaining.DeleteUser" name="test_deleteUser" time="0.989"/>
</testsuite> <!-- Test -->
