<?xml version="1.0" encoding="UTF-8"?>
<!-- Generated by org.testng.reporters.JUnitXMLReporter -->
<testsuite ignored="0" hostname="ITT-PRATIK-B" failures="0" tests="4" name="Test" time="8.568" errors="0" timestamp="2024-05-07T14:45:42 IST">
  <testcase classname="api.tests.UserTests" name="testPostUser" time="3.574"/>
  <testcase classname="api.tests.UserTests" name="testGetUserByName" time="1.183"/>
  <testcase classname="api.tests.UserTests" name="testUpdateUserByName" time="2.38"/>
  <testcase classname="api.tests.UserTests" name="testDeleteUserByName" time="1.188"/>
</testsuite> <!-- Test -->
