<?xml version="1.0" encoding="UTF-8"?>
<!-- Generated by org.testng.reporters.JUnitXMLReporter -->
<testsuite ignored="1" hostname="ITT-PRATIK-B" failures="0" tests="5" name="Test" time="293.171" errors="0" timestamp="2023-10-27T15:32:50 IST">
  <testcase classname="ninja.plextrac.testCases.TC_Create_Client" name="create_New_Client" time="12.921"/>
  <testcase classname="ninja.plextrac.testCases.TC_Create_Report" name="create_report_within_client" time="10.695"/>
  <testcase classname="ninja.plextrac.testCases.TC_Create_Finding" name="create_Finding" time="16.408"/>
  <testcase classname="ninja.plextrac.testCases.TC_Delete_Reports" name="bulk_reports_delete" time="11.037"/>
  <testcase classname="ninja.plextrac.testCases.TC_DeleteClient" name="delete_Client" time="7.228"/>
  <testcase classname="ninja.plextrac.testCases.TC_Create_Report" name="create_new_report" time="0.0">
    <ignored/>
  </testcase> <!-- create_new_report -->
</testsuite> <!-- Test -->
