<?xml version="1.0" encoding="UTF-8"?>
<!-- Generated by org.testng.reporters.JUnitXMLReporter -->
<testsuite ignored="0" hostname="ITT-PRATIK-B" failures="0" tests="4" name="Default test" time="7.769" errors="0" timestamp="2024-05-07T12:13:29 IST">
  <testcase classname="api.tests.UserTests" name="testPostUser" time="2.715"/>
  <testcase classname="api.tests.UserTests" name="testGetUserByName" time="1.227"/>
  <testcase classname="api.tests.UserTests" name="testUpdateUserByName" time="2.446"/>
  <testcase classname="api.tests.UserTests" name="testDeleteUserByName" time="1.178"/>
</testsuite> <!-- Default test -->
